41.0 APEX_CODE,FINEST;APEX_PROFILING,INFO;CALLOUT,INFO;DB,INFO;SYSTEM,DEBUG;VALIDATION,INFO;VISUALFORCE,INFO;WAVE,INFO;WORKFLOW,INFO
Execute Anonymous: hello_world h = new hello_world();
04:54:01.1 (1031787)|USER_INFO|[EXTERNAL]|0057F000000TuJt|mahesh.kedari.espl@gmail.com|Pacific Standard Time|GMT-08:00
04:54:01.1 (1051706)|EXECUTION_STARTED
04:54:01.1 (1055584)|CODE_UNIT_STARTED|[EXTERNAL]|execute_anonymous_apex
04:54:01.1 (2065129)|VARIABLE_SCOPE_BEGIN|[1]|h|hello_world|true|false
04:54:01.1 (2182122)|HEAP_ALLOCATE|[72]|Bytes:3
04:54:01.1 (2211157)|HEAP_ALLOCATE|[77]|Bytes:152
04:54:01.1 (2226566)|HEAP_ALLOCATE|[342]|Bytes:408
04:54:01.1 (2243814)|HEAP_ALLOCATE|[355]|Bytes:408
04:54:01.1 (2257535)|HEAP_ALLOCATE|[467]|Bytes:48
04:54:01.1 (2282621)|HEAP_ALLOCATE|[139]|Bytes:6
04:54:01.1 (2297632)|HEAP_ALLOCATE|[EXTERNAL]|Bytes:1
04:54:01.1 (2320939)|STATEMENT_EXECUTE|[1]
04:54:01.1 (2322906)|STATEMENT_EXECUTE|[1]
04:54:01.1 (2326262)|HEAP_ALLOCATE|[1]|Bytes:1
04:54:01.1 (2331033)|HEAP_ALLOCATE|[1]|Bytes:1
04:54:01.1 (2357643)|METHOD_ENTRY|[1]|01p7F00000DxAA8|hello_world.hello_world()
04:54:01.1 (2362895)|STATEMENT_EXECUTE|[1]
04:54:01.1 (2366052)|STATEMENT_EXECUTE|[1]
04:54:01.1 (2395205)|HEAP_ALLOCATE|[50]|Bytes:5
04:54:01.1 (2413366)|HEAP_ALLOCATE|[56]|Bytes:5
04:54:01.1 (2420677)|HEAP_ALLOCATE|[64]|Bytes:7
04:54:01.1 (2443736)|SYSTEM_MODE_ENTER|false
04:54:01.1 (2456401)|HEAP_ALLOCATE|[1]|Bytes:5
04:54:01.1 (2463040)|SYSTEM_MODE_EXIT|false
04:54:01.1 (2470306)|METHOD_EXIT|[1]|hello_world
04:54:01.1 (2482812)|HEAP_ALLOCATE|[1]|Bytes:4
04:54:01.1 (2511583)|SYSTEM_MODE_ENTER|false
04:54:01.1 (2522466)|HEAP_ALLOCATE|[1]|Bytes:5
04:54:01.1 (2536410)|CONSTRUCTOR_ENTRY|[1]|01p7F00000DxAA8|<init>()
04:54:01.1 (2559393)|VARIABLE_SCOPE_BEGIN|[2]|this|hello_world|true|false
04:54:01.1 (2595710)|VARIABLE_ASSIGNMENT|[2]|this|{}|0x641ebefe
04:54:01.1 (2611529)|HEAP_ALLOCATE|[3]|Bytes:5
04:54:01.1 (2615342)|STATEMENT_EXECUTE|[1]
04:54:01.1 (2619402)|HEAP_ALLOCATE|[3]|Bytes:5
04:54:01.1 (2628388)|HEAP_ALLOCATE|[3]|Bytes:6
04:54:01.1 (2656404)|STATEMENT_EXECUTE|[2]
04:54:01.1 (2658027)|STATEMENT_EXECUTE|[3]
04:54:01.1 (2660719)|HEAP_ALLOCATE|[3]|Bytes:11
04:54:01.1 (2714551)|USER_DEBUG|[3]|DEBUG|Hello World
04:54:01.1 (2745967)|CONSTRUCTOR_EXIT|[1]|01p7F00000DxAA8|<init>()
04:54:01.1 (2752957)|SYSTEM_MODE_EXIT|false
04:54:01.1 (2772940)|VARIABLE_ASSIGNMENT|[1]|h|{}|0x641ebefe
04:54:01.2 (2793881)|CUMULATIVE_LIMIT_USAGE
04:54:01.2 (2793881)|LIMIT_USAGE_FOR_NS|(default)|
  Number of SOQL queries: 0 out of 100
  Number of query rows: 0 out of 50000
  Number of SOSL queries: 0 out of 20
  Number of DML statements: 0 out of 150
  Number of DML rows: 0 out of 10000
  Maximum CPU time: 0 out of 10000
  Maximum heap size: 0 out of 6000000
  Number of callouts: 0 out of 100
  Number of Email Invocations: 0 out of 10
  Number of future calls: 0 out of 50
  Number of queueable jobs added to the queue: 0 out of 50
  Number of Mobile Apex push calls: 0 out of 10

04:54:01.2 (2793881)|CUMULATIVE_LIMIT_USAGE_END

04:54:01.1 (2836781)|CODE_UNIT_FINISHED|execute_anonymous_apex
04:54:01.1 (3561092)|EXECUTION_FINISHED
